<?xml version="1.0" encoding="UTF-8"?>
<!-- Generated by org.testng.reporters.JUnitXMLReporter -->
<testsuite hostname="DESKTOP-13EUT06" ignored="2" name="Car Loan" tests="10" failures="1" timestamp="2019-11-30T15:37:53 IST" time="0.125" errors="0">
  <testcase name="MobileLogincarLoan" time="0.016" classname="test.day3"/>
  <testcase name="Demo" time="0.032" classname="test.day1">
    <failure type="java.lang.AssertionError" message="did not expect to find [true] but found [false]">
      <![CDATA[java.lang.AssertionError: did not expect to find [true] but found [false]
at test.day1.Demo(day1.java:22)
at java.util.ArrayList.forEach(Unknown Source)
at java.util.concurrent.FutureTask.run(Unknown Source)
at java.util.concurrent.ThreadPoolExecutor.runWorker(Unknown Source)
at java.util.concurrent.ThreadPoolExecutor$Worker.run(Unknown Source)
at java.lang.Thread.run(Unknown Source)
... Removed 22 stack frames]]>
    </failure>
  </testcase> <!-- Demo -->
  <testcase name="ploan" time="0.015" classname="test.day2"/>
  <testcase name="MobilesignoutcarLoan" time="0.0" classname="test.day3"/>
  <testcase name="LoginAPIHomeLoan" time="0.0" classname="test.day4"/>
  <testcase name="MobilesignoutcarLoan" time="0.016" classname="test.day3"/>
  <testcase name="MobilesignoutcarLoan" time="0.0" classname="test.day3"/>
  <testcase name="MobileLoginHomeLoan" time="0.0" classname="test.day4"/>
  <testcase name="WebloginCarLoan" time="0.0" classname="test.day3"/>
  <testcase name="WebloginHomeLoan" time="0.0" classname="test.day4"/>
  <testcase name="APIcarLoan" time="0.0" classname="test.day3">
    <ignored/>
  </testcase> <!-- APIcarLoan -->
  <testcase name="MobilesignimcarLoan" time="0.0" classname="test.day3">
    <ignored/>
  </testcase> <!-- MobilesignimcarLoan -->
</testsuite> <!-- Car Loan -->
