<?xml version="1.0" encoding="UTF-8"?>
<testng-results skipped="0" failed="1" ignored="3" total="13" passed="9">
  <reporter-output>
  </reporter-output>
  <suite name="Loan Department" duration-ms="125" started-at="2019-11-30T15:37:52 IST" finished-at="2019-11-30T15:37:52 IST">
    <groups>
      <group name="Smoke">
        <method signature="day2.ploan()[pri:0, instance:test.day2@370736d9]" name="ploan" class="test.day2"/>
        <method signature="day4.MobileLoginHomeLoan()[pri:0, instance:test.day4@63753b6d]" name="MobileLoginHomeLoan" class="test.day4"/>
        <method signature="day3.MobileLogincarLoan()[pri:0, instance:test.day3@6ebc05a6]" name="MobileLogincarLoan" class="test.day3"/>
      </group> <!-- Smoke -->
    </groups>
    <test name="Car Loan" duration-ms="125" started-at="2019-11-30T15:37:52 IST" finished-at="2019-11-30T15:37:52 IST">
      <class name="test.day3">
        <test-method status="PASS" signature="Bfsuite()[pri:0, instance:test.day3@6ebc05a6]" name="Bfsuite" is-config="true" duration-ms="16" started-at="2019-11-30T15:37:52 IST" finished-at="2019-11-30T15:37:52 IST">
          <reporter-output>
          </reporter-output>
        </test-method> <!-- Bfsuite -->
        <test-method status="PASS" signature="befoclas()[pri:0, instance:test.day3@6ebc05a6]" name="befoclas" is-config="true" duration-ms="0" started-at="2019-11-30T15:37:52 IST" finished-at="2019-11-30T15:37:52 IST">
          <reporter-output>
          </reporter-output>
        </test-method> <!-- befoclas -->
        <test-method status="PASS" signature="beforeevery()[pri:0, instance:test.day3@6ebc05a6]" name="beforeevery" is-config="true" duration-ms="0" started-at="2019-11-30T15:37:52 IST" finished-at="2019-11-30T15:37:52 IST">
          <reporter-output>
          </reporter-output>
        </test-method> <!-- beforeevery -->
        <test-method status="PASS" signature="MobileLogincarLoan()[pri:0, instance:test.day3@6ebc05a6]" name="MobileLogincarLoan" duration-ms="16" started-at="2019-11-30T15:37:52 IST" finished-at="2019-11-30T15:37:52 IST">
          <reporter-output>
          </reporter-output>
        </test-method> <!-- MobileLogincarLoan -->
        <test-method status="PASS" signature="afterevery()[pri:0, instance:test.day3@6ebc05a6]" name="afterevery" is-config="true" duration-ms="0" started-at="2019-11-30T15:37:52 IST" finished-at="2019-11-30T15:37:52 IST">
          <reporter-output>
          </reporter-output>
        </test-method> <!-- afterevery -->
        <test-method status="PASS" signature="MobilesignoutcarLoan(java.lang.String, java.lang.String)[pri:0, instance:test.day3@6ebc05a6]" name="MobilesignoutcarLoan" duration-ms="0" started-at="2019-11-30T15:37:52 IST" data-provider="getData" finished-at="2019-11-30T15:37:52 IST">
          <params>
            <param index="0">
              <value>
                <![CDATA[firstsetusername]]>
              </value>
            </param>
            <param index="1">
              <value>
                <![CDATA[firstpassword]]>
              </value>
            </param>
          </params>
          <reporter-output>
          </reporter-output>
        </test-method> <!-- MobilesignoutcarLoan -->
        <test-method status="PASS" signature="beforeevery()[pri:0, instance:test.day3@6ebc05a6]" name="beforeevery" is-config="true" duration-ms="0" started-at="2019-11-30T15:37:52 IST" finished-at="2019-11-30T15:37:52 IST">
          <reporter-output>
          </reporter-output>
        </test-method> <!-- beforeevery -->
        <test-method status="PASS" signature="MobilesignoutcarLoan(java.lang.String, java.lang.String)[pri:0, instance:test.day3@6ebc05a6]" name="MobilesignoutcarLoan" duration-ms="16" started-at="2019-11-30T15:37:52 IST" data-provider="getData" finished-at="2019-11-30T15:37:52 IST">
          <params>
            <param index="0">
              <value>
                <![CDATA[secondsetusername]]>
              </value>
            </param>
            <param index="1">
              <value>
                <![CDATA[secondpassword]]>
              </value>
            </param>
          </params>
          <reporter-output>
          </reporter-output>
        </test-method> <!-- MobilesignoutcarLoan -->
        <test-method status="PASS" signature="afterevery()[pri:0, instance:test.day3@6ebc05a6]" name="afterevery" is-config="true" duration-ms="0" started-at="2019-11-30T15:37:52 IST" finished-at="2019-11-30T15:37:52 IST">
          <reporter-output>
          </reporter-output>
        </test-method> <!-- afterevery -->
        <test-method status="PASS" signature="beforeevery()[pri:0, instance:test.day3@6ebc05a6]" name="beforeevery" is-config="true" duration-ms="0" started-at="2019-11-30T15:37:52 IST" finished-at="2019-11-30T15:37:52 IST">
          <reporter-output>
          </reporter-output>
        </test-method> <!-- beforeevery -->
        <test-method status="PASS" signature="WebloginCarLoan(java.lang.String, java.lang.String)[pri:0, instance:test.day3@6ebc05a6]" name="WebloginCarLoan" duration-ms="0" started-at="2019-11-30T15:37:52 IST" finished-at="2019-11-30T15:37:52 IST">
          <params>
            <param index="0">
              <value>
                <![CDATA[carloan.com]]>
              </value>
            </param>
            <param index="1">
              <value>
                <![CDATA[123456]]>
              </value>
            </param>
          </params>
          <reporter-output>
          </reporter-output>
        </test-method> <!-- WebloginCarLoan -->
        <test-method status="PASS" signature="afterevery()[pri:0, instance:test.day3@6ebc05a6]" name="afterevery" is-config="true" duration-ms="0" started-at="2019-11-30T15:37:52 IST" finished-at="2019-11-30T15:37:52 IST">
          <reporter-output>
          </reporter-output>
        </test-method> <!-- afterevery -->
        <test-method status="PASS" signature="MobilesignoutcarLoan(java.lang.String, java.lang.String)[pri:0, instance:test.day3@6ebc05a6]" name="MobilesignoutcarLoan" duration-ms="0" started-at="2019-11-30T15:37:52 IST" data-provider="getData" finished-at="2019-11-30T15:37:52 IST">
          <params>
            <param index="0">
              <value>
                <![CDATA[thirdsetusername]]>
              </value>
            </param>
            <param index="1">
              <value>
                <![CDATA[thirdpassword]]>
              </value>
            </param>
          </params>
          <reporter-output>
          </reporter-output>
        </test-method> <!-- MobilesignoutcarLoan -->
        <test-method status="PASS" signature="afterevery()[pri:0, instance:test.day3@6ebc05a6]" name="afterevery" is-config="true" duration-ms="0" started-at="2019-11-30T15:37:52 IST" finished-at="2019-11-30T15:37:52 IST">
          <reporter-output>
          </reporter-output>
        </test-method> <!-- afterevery -->
        <test-method status="PASS" signature="beforeevery()[pri:0, instance:test.day3@6ebc05a6]" name="beforeevery" is-config="true" duration-ms="0" started-at="2019-11-30T15:37:52 IST" finished-at="2019-11-30T15:37:52 IST">
          <reporter-output>
          </reporter-output>
        </test-method> <!-- beforeevery -->
        <test-method status="PASS" signature="afteclas()[pri:0, instance:test.day3@6ebc05a6]" name="afteclas" is-config="true" duration-ms="0" started-at="2019-11-30T15:37:52 IST" finished-at="2019-11-30T15:37:52 IST">
          <reporter-output>
          </reporter-output>
        </test-method> <!-- afteclas -->
        <test-method status="PASS" signature="afterevery()[pri:0, instance:test.day3@6ebc05a6]" name="afterevery" is-config="true" duration-ms="0" started-at="2019-11-30T15:37:52 IST" finished-at="2019-11-30T15:37:52 IST">
          <reporter-output>
          </reporter-output>
        </test-method> <!-- afterevery -->
        <test-method status="PASS" signature="beforeevery()[pri:0, instance:test.day3@6ebc05a6]" name="beforeevery" is-config="true" duration-ms="0" started-at="2019-11-30T15:37:52 IST" finished-at="2019-11-30T15:37:52 IST">
          <reporter-output>
          </reporter-output>
        </test-method> <!-- beforeevery -->
      </class> <!-- test.day3 -->
      <class name="test.day1">
        <test-method status="PASS" signature="afSyite()[pri:0, instance:test.day1@5f9d02cb]" name="afSyite" is-config="true" duration-ms="0" started-at="2019-11-30T15:37:53 IST" finished-at="2019-11-30T15:37:53 IST">
          <reporter-output>
          </reporter-output>
        </test-method> <!-- afSyite -->
      </class> <!-- test.day1 -->
    </test> <!-- Car Loan -->
    <test name="Personal loan" duration-ms="125" started-at="2019-11-30T15:37:52 IST" finished-at="2019-11-30T15:37:52 IST">
      <class name="test.day4">
        <test-method status="PASS" signature="LoginAPIHomeLoan()[pri:0, instance:test.day4@63753b6d]" name="LoginAPIHomeLoan" duration-ms="0" started-at="2019-11-30T15:37:52 IST" finished-at="2019-11-30T15:37:52 IST">
          <reporter-output>
          </reporter-output>
        </test-method> <!-- LoginAPIHomeLoan -->
        <test-method status="PASS" signature="WebloginHomeLoan(java.lang.String)[pri:0, instance:test.day4@63753b6d]" name="WebloginHomeLoan" duration-ms="0" started-at="2019-11-30T15:37:52 IST" finished-at="2019-11-30T15:37:52 IST">
          <params>
            <param index="0">
              <value>
                <![CDATA[personalloan.com]]>
              </value>
            </param>
          </params>
          <reporter-output>
          </reporter-output>
        </test-method> <!-- WebloginHomeLoan -->
        <test-method status="PASS" signature="MobileLoginHomeLoan()[pri:0, instance:test.day4@63753b6d]" name="MobileLoginHomeLoan" duration-ms="0" started-at="2019-11-30T15:37:52 IST" finished-at="2019-11-30T15:37:52 IST">
          <reporter-output>
          </reporter-output>
        </test-method> <!-- MobileLoginHomeLoan -->
      </class> <!-- test.day4 -->
      <class name="test.day2">
        <test-method status="PASS" signature="prerequiste()[pri:0, instance:test.day2@370736d9]" name="prerequiste" is-config="true" duration-ms="0" started-at="2019-11-30T15:37:52 IST" finished-at="2019-11-30T15:37:52 IST">
          <reporter-output>
          </reporter-output>
        </test-method> <!-- prerequiste -->
        <test-method status="PASS" signature="ploan()[pri:0, instance:test.day2@370736d9]" name="ploan" duration-ms="15" started-at="2019-11-30T15:37:52 IST" finished-at="2019-11-30T15:37:52 IST">
          <reporter-output>
          </reporter-output>
        </test-method> <!-- ploan -->
      </class> <!-- test.day2 -->
      <class name="test.day1">
        <test-method status="FAIL" signature="Demo()[pri:0, instance:test.day1@5f9d02cb]" name="Demo" duration-ms="32" started-at="2019-11-30T15:37:52 IST" finished-at="2019-11-30T15:37:52 IST">
          <exception class="java.lang.AssertionError">
            <message>
              <![CDATA[did not expect to find [true] but found [false]]]>
            </message>
            <full-stacktrace>
              <![CDATA[java.lang.AssertionError: did not expect to find [true] but found [false]
at org.testng.Assert.fail(Assert.java:97)
at org.testng.Assert.failNotEquals(Assert.java:969)
at org.testng.Assert.assertTrue(Assert.java:43)
at org.testng.Assert.assertTrue(Assert.java:53)
at test.day1.Demo(day1.java:22)
at sun.reflect.NativeMethodAccessorImpl.invoke0(Native Method)
at sun.reflect.NativeMethodAccessorImpl.invoke(Unknown Source)
at sun.reflect.DelegatingMethodAccessorImpl.invoke(Unknown Source)
at java.lang.reflect.Method.invoke(Unknown Source)
at org.testng.internal.MethodInvocationHelper.invokeMethod(MethodInvocationHelper.java:133)
at org.testng.internal.TestInvoker.invokeMethod(TestInvoker.java:584)
at org.testng.internal.TestInvoker.invokeTestMethod(TestInvoker.java:172)
at org.testng.internal.MethodRunner.runInSequence(MethodRunner.java:46)
at org.testng.internal.TestInvoker$MethodInvocationAgent.invoke(TestInvoker.java:804)
at org.testng.internal.TestInvoker.invokeTestMethods(TestInvoker.java:145)
at org.testng.internal.TestMethodWorker.invokeTestMethods(TestMethodWorker.java:146)
at org.testng.internal.TestMethodWorker.run(TestMethodWorker.java:128)
at java.util.ArrayList.forEach(Unknown Source)
at org.testng.TestRunner.privateRun(TestRunner.java:770)
at org.testng.TestRunner.run(TestRunner.java:591)
at org.testng.SuiteRunner.runTest(SuiteRunner.java:402)
at org.testng.SuiteRunner.access$000(SuiteRunner.java:41)
at org.testng.SuiteRunner$SuiteWorker.run(SuiteRunner.java:443)
at org.testng.internal.thread.ThreadUtil.lambda$execute$0(ThreadUtil.java:67)
at java.util.concurrent.FutureTask.run(Unknown Source)
at java.util.concurrent.ThreadPoolExecutor.runWorker(Unknown Source)
at java.util.concurrent.ThreadPoolExecutor$Worker.run(Unknown Source)
at java.lang.Thread.run(Unknown Source)
]]>
            </full-stacktrace>
          </exception> <!-- java.lang.AssertionError -->
          <reporter-output>
          </reporter-output>
        </test-method> <!-- Demo -->
        <test-method status="PASS" signature="lastexecution()[pri:0, instance:test.day1@5f9d02cb]" name="lastexecution" is-config="true" duration-ms="0" started-at="2019-11-30T15:37:52 IST" finished-at="2019-11-30T15:37:52 IST">
          <reporter-output>
          </reporter-output>
        </test-method> <!-- lastexecution -->
      </class> <!-- test.day1 -->
    </test> <!-- Personal loan -->
  </suite> <!-- Loan Department -->
</testng-results>
